[debug] [2023-06-29T14:18:16.195Z] ----------------------------------------------------------------------
[debug] [2023-06-29T14:18:16.197Z] Command:       /usr/local/bin/node /usr/local/bin/firebase init
[debug] [2023-06-29T14:18:16.198Z] CLI Version:   12.4.2
[debug] [2023-06-29T14:18:16.198Z] Platform:      darwin
[debug] [2023-06-29T14:18:16.198Z] Node Version:  v18.12.1
[debug] [2023-06-29T14:18:16.200Z] Time:          Thu Jun 29 2023 16:18:16 GMT+0200 (Центральная Европа, летнее время)
[debug] [2023-06-29T14:18:16.200Z] ----------------------------------------------------------------------
[debug] 
[debug] [2023-06-29T14:18:16.207Z] > command requires scopes: ["email","openid","https://www.googleapis.com/auth/cloudplatformprojects.readonly","https://www.googleapis.com/auth/firebase","https://www.googleapis.com/auth/cloud-platform"]
[debug] [2023-06-29T14:18:16.207Z] > authorizing via signed-in user (alexkochnev1987@gmail.com)
[info] 
     ######## #### ########  ######## ########     ###     ######  ########
     ##        ##  ##     ## ##       ##     ##  ##   ##  ##       ##
     ######    ##  ########  ######   ########  #########  ######  ######
     ##        ##  ##    ##  ##       ##     ## ##     ##       ## ##
     ##       #### ##     ## ######## ########  ##     ##  ######  ########

You're about to initialize a Firebase project in this directory:

  /Users/admin/react/test-tasks/react

[info] 
=== Project Setup
[info] 
[info] First, let's associate this project directory with a Firebase project.
[info] You can create multiple project aliases by running firebase use --add, 
[info] but for now we'll just set up a default project.
[info] 
[debug] [2023-06-29T14:19:52.766Z] >>> [apiv2][query] GET https://firebase.googleapis.com/v1beta1/projects pageSize=100
[debug] [2023-06-29T14:19:53.490Z] <<< [apiv2][status] GET https://firebase.googleapis.com/v1beta1/projects 200
[debug] [2023-06-29T14:19:53.491Z] <<< [apiv2][body] GET https://firebase.googleapis.com/v1beta1/projects [omitted]
[info] i  Using project coach-planner (Coach Planner) 
[info] 
=== Firestore Setup
[debug] [2023-06-29T14:19:56.977Z] >>> [apiv2][query] GET https://serviceusage.googleapis.com/v1/projects/coach-planner/services/firestore.googleapis.com [none]
[debug] [2023-06-29T14:19:56.978Z] >>> [apiv2][(partial)header] GET https://serviceusage.googleapis.com/v1/projects/coach-planner/services/firestore.googleapis.com x-goog-quota-user=projects/coach-planner
[debug] [2023-06-29T14:19:58.257Z] <<< [apiv2][status] GET https://serviceusage.googleapis.com/v1/projects/coach-planner/services/firestore.googleapis.com 200
[debug] [2023-06-29T14:19:58.257Z] <<< [apiv2][body] GET https://serviceusage.googleapis.com/v1/projects/coach-planner/services/firestore.googleapis.com [omitted]
[debug] [2023-06-29T14:19:58.258Z] >>> [apiv2][query] GET https://firestore.googleapis.com/v1/projects/coach-planner/databases/(default) [none]
[debug] [2023-06-29T14:19:58.535Z] <<< [apiv2][status] GET https://firestore.googleapis.com/v1/projects/coach-planner/databases/(default) 200
[debug] [2023-06-29T14:19:58.535Z] <<< [apiv2][body] GET https://firestore.googleapis.com/v1/projects/coach-planner/databases/(default) {"name":"projects/coach-planner/databases/(default)","uid":"19ca5b46-d95c-4ac3-a74e-c83974a13669","createTime":"2023-04-15T09:30:29.299813Z","updateTime":"2023-04-15T09:30:29.299813Z","locationId":"europe-west3","type":"FIRESTORE_NATIVE","concurrencyMode":"PESSIMISTIC","versionRetentionPeriod":"3600s","earliestVersionTime":"2023-06-29T13:19:58.604605Z","appEngineIntegrationMode":"DISABLED","keyPrefix":"h","pointInTimeRecoveryEnablement":"POINT_IN_TIME_RECOVERY_DISABLED","deleteProtectionState":"DELETE_PROTECTION_DISABLED","etag":"IIWtpqnW6P8CMOX/2dXOw/8C"}
[debug] [2023-06-29T14:19:58.535Z] database_type: FIRESTORE_NATIVE
[debug] [2023-06-29T14:19:58.536Z] > command requires scopes: ["email","openid","https://www.googleapis.com/auth/cloudplatformprojects.readonly","https://www.googleapis.com/auth/firebase","https://www.googleapis.com/auth/cloud-platform"]
[debug] [2023-06-29T14:19:58.536Z] > authorizing via signed-in user (alexkochnev1987@gmail.com)
[debug] [2023-06-29T14:19:58.536Z] [iam] checking project coach-planner for permissions ["firebase.projects.get"]
[debug] [2023-06-29T14:19:58.536Z] >>> [apiv2][query] POST https://cloudresourcemanager.googleapis.com/v1/projects/coach-planner:testIamPermissions [none]
[debug] [2023-06-29T14:19:58.536Z] >>> [apiv2][(partial)header] POST https://cloudresourcemanager.googleapis.com/v1/projects/coach-planner:testIamPermissions x-goog-quota-user=projects/coach-planner
[debug] [2023-06-29T14:19:58.536Z] >>> [apiv2][body] POST https://cloudresourcemanager.googleapis.com/v1/projects/coach-planner:testIamPermissions {"permissions":["firebase.projects.get"]}
[debug] [2023-06-29T14:19:59.486Z] <<< [apiv2][status] POST https://cloudresourcemanager.googleapis.com/v1/projects/coach-planner:testIamPermissions 200
[debug] [2023-06-29T14:19:59.486Z] <<< [apiv2][body] POST https://cloudresourcemanager.googleapis.com/v1/projects/coach-planner:testIamPermissions {"permissions":["firebase.projects.get"]}
[info] 
[info] Firestore Security Rules allow you to define how and when to allow
[info] requests. You can keep these rules in your project directory
[info] and publish them with firebase deploy.
[info] 
[debug] [2023-06-29T14:21:39.552Z] >>> [apiv2][query] GET https://firebaserules.googleapis.com/v1/projects/coach-planner/releases pageSize=10&pageToken=
[debug] [2023-06-29T14:21:40.493Z] <<< [apiv2][status] GET https://firebaserules.googleapis.com/v1/projects/coach-planner/releases 200
[debug] [2023-06-29T14:21:40.494Z] <<< [apiv2][body] GET https://firebaserules.googleapis.com/v1/projects/coach-planner/releases {"releases":[{"name":"projects/coach-planner/releases/cloud.firestore","rulesetName":"projects/coach-planner/rulesets/b43e051f-c330-41a3-8726-0852ec867cfc","createTime":"2023-04-15T09:30:40.429300Z","updateTime":"2023-04-15T09:51:27.940436Z"},{"name":"projects/coach-planner/releases/firebase.storage/coach-planner.appspot.com","rulesetName":"projects/coach-planner/rulesets/2454cfce-7898-414c-a33e-5d274d22e45c","createTime":"2023-04-15T19:52:24.362038Z","updateTime":"2023-04-15T21:03:57.165539Z"}]}
[debug] [2023-06-29T14:21:40.508Z] Found ruleset: projects/coach-planner/rulesets/b43e051f-c330-41a3-8726-0852ec867cfc
[debug] [2023-06-29T14:21:40.508Z] >>> [apiv2][query] GET https://firebaserules.googleapis.com/v1/projects/coach-planner/rulesets/b43e051f-c330-41a3-8726-0852ec867cfc [none]
[debug] [2023-06-29T14:21:41.464Z] <<< [apiv2][status] GET https://firebaserules.googleapis.com/v1/projects/coach-planner/rulesets/b43e051f-c330-41a3-8726-0852ec867cfc 200
[debug] [2023-06-29T14:21:41.464Z] <<< [apiv2][body] GET https://firebaserules.googleapis.com/v1/projects/coach-planner/rulesets/b43e051f-c330-41a3-8726-0852ec867cfc [omitted]
[info] 
[info] Firestore indexes allow you to perform complex queries while
[info] maintaining performance that scales with the size of the result
[info] set. You can keep index definitions in your project directory
[info] and publish them with firebase deploy.
[info] 
[debug] [2023-06-29T14:21:54.908Z] >>> [apiv2][query] GET https://firestore.googleapis.com/v1/projects/coach-planner/databases/(default)/collectionGroups/-/indexes [none]
[debug] [2023-06-29T14:21:54.910Z] >>> [apiv2][query] GET https://firestore.googleapis.com/v1/projects/coach-planner/databases/(default)/collectionGroups/-/fields?filter=indexConfig.usesAncestorConfig=false OR ttlConfig:* [none]
[debug] [2023-06-29T14:21:55.231Z] <<< [apiv2][status] GET https://firestore.googleapis.com/v1/projects/coach-planner/databases/(default)/collectionGroups/-/indexes 200
[debug] [2023-06-29T14:21:55.231Z] <<< [apiv2][body] GET https://firestore.googleapis.com/v1/projects/coach-planner/databases/(default)/collectionGroups/-/indexes {}
[debug] [2023-06-29T14:21:55.232Z] <<< [apiv2][status] GET https://firestore.googleapis.com/v1/projects/coach-planner/databases/(default)/collectionGroups/-/fields?filter=indexConfig.usesAncestorConfig=false OR ttlConfig:* 200
[debug] [2023-06-29T14:21:55.232Z] <<< [apiv2][body] GET https://firestore.googleapis.com/v1/projects/coach-planner/databases/(default)/collectionGroups/-/fields?filter=indexConfig.usesAncestorConfig=false OR ttlConfig:* {"fields":[{"name":"projects/coach-planner/databases/(default)/collectionGroups/__default__/fields/*","indexConfig":{"indexes":[{"queryScope":"COLLECTION","fields":[{"fieldPath":"*","order":"ASCENDING"}],"state":"READY"},{"queryScope":"COLLECTION","fields":[{"fieldPath":"*","order":"DESCENDING"}],"state":"READY"},{"queryScope":"COLLECTION","fields":[{"fieldPath":"*","arrayConfig":"CONTAINS"}],"state":"READY"}]}}]}
[info] 
=== Hosting Setup
[info] 
[info] Your public directory is the folder (relative to your project directory) that
[info] will contain Hosting assets to be uploaded with firebase deploy. If you
[info] have a build process for your assets, use your build's output directory.
[info] 
